This file contains any messages produced by compilers while
running configure, to aid debugging if configure makes a mistake.

It was created by Pico Technology PicoScope 3000a Example configure 1.1.0, which was
generated by GNU Autoconf 2.69.  Invocation command line was

  $ ./configure --enable-silent-rules --prefix=/opt/picoscope CFLAGS=-Wl,-s -O2 -w -DNDEBUG CXXFLAGS=-Wl,-s -O2 -w -DNDEBUG

## --------- ##
## Platform. ##
## --------- ##

hostname = mojito
uname -m = x86_64
uname -r = 3.13.0-63-generic
uname -s = Linux
uname -v = #103-Ubuntu SMP Fri Aug 14 21:42:59 UTC 2015

/usr/bin/uname -p = unknown
/bin/uname -X     = unknown

/bin/arch              = unknown
/usr/bin/arch -k       = unknown
/usr/convex/getsysinfo = unknown
/usr/bin/hostinfo      = unknown
/bin/machine           = unknown
/usr/bin/oslevel       = unknown
/bin/universe          = unknown

PATH: /home/schmonit/bin
PATH: /usr/local/sbin
PATH: /usr/local/bin
PATH: /usr/sbin
PATH: /usr/bin
PATH: /sbin
PATH: /bin
PATH: /usr/games
PATH: /usr/local/games


## ----------- ##
## Core tests. ##
## ----------- ##

configure:2454: checking for a BSD-compatible install
configure:2522: result: /usr/bin/install -c
configure:2533: checking whether build environment is sane
configure:2588: result: yes
configure:2739: checking for a thread-safe mkdir -p
configure:2778: result: /bin/mkdir -p
configure:2785: checking for gawk
configure:2801: found /usr/bin/gawk
configure:2812: result: gawk
configure:2823: checking whether make sets $(MAKE)
configure:2845: result: yes
configure:2874: checking whether make supports nested variables
configure:2891: result: yes
configure:3133: checking for g++
configure:3149: found /usr/bin/g++
configure:3160: result: g++
configure:3187: checking for C++ compiler version
configure:3196: g++ --version >&5
g++ (Ubuntu 4.8.4-2ubuntu1~14.04) 4.8.4
Copyright (C) 2013 Free Software Foundation, Inc.
This is free software; see the source for copying conditions.  There is NO
warranty; not even for MERCHANTABILITY or FITNESS FOR A PARTICULAR PURPOSE.

configure:3207: $? = 0
configure:3196: g++ -v >&5
Using built-in specs.
COLLECT_GCC=g++
COLLECT_LTO_WRAPPER=/usr/lib/gcc/x86_64-linux-gnu/4.8/lto-wrapper
Target: x86_64-linux-gnu
Configured with: ../src/configure -v --with-pkgversion='Ubuntu 4.8.4-2ubuntu1~14.04' --with-bugurl=file:///usr/share/doc/gcc-4.8/README.Bugs --enable-languages=c,c++,java,go,d,fortran,objc,obj-c++ --prefix=/usr --program-suffix=-4.8 --enable-shared --enable-linker-build-id --libexecdir=/usr/lib --without-included-gettext --enable-threads=posix --with-gxx-include-dir=/usr/include/c++/4.8 --libdir=/usr/lib --enable-nls --with-sysroot=/ --enable-clocale=gnu --enable-libstdcxx-debug --enable-libstdcxx-time=yes --enable-gnu-unique-object --disable-libmudflap --enable-plugin --with-system-zlib --disable-browser-plugin --enable-java-awt=gtk --enable-gtk-cairo --with-java-home=/usr/lib/jvm/java-1.5.0-gcj-4.8-amd64/jre --enable-java-home --with-jvm-root-dir=/usr/lib/jvm/java-1.5.0-gcj-4.8-amd64 --with-jvm-jar-dir=/usr/lib/jvm-exports/java-1.5.0-gcj-4.8-amd64 --with-arch-directory=amd64 --with-ecj-jar=/usr/share/java/eclipse-ecj.jar --enable-objc-gc --enable-multiarch --disable-werror --with-arch-32=i686 --with-abi=m64 --with-multilib-list=m32,m64,mx32 --with-tune=generic --enable-checking=release --build=x86_64-linux-gnu --host=x86_64-linux-gnu --target=x86_64-linux-gnu
Thread model: posix
gcc version 4.8.4 (Ubuntu 4.8.4-2ubuntu1~14.04) 
configure:3207: $? = 0
configure:3196: g++ -V >&5
g++: error: unrecognized command line option '-V'
g++: fatal error: no input files
compilation terminated.
configure:3207: $? = 4
configure:3196: g++ -qversion >&5
g++: error: unrecognized command line option '-qversion'
g++: fatal error: no input files
compilation terminated.
configure:3207: $? = 4
configure:3227: checking whether the C++ compiler works
configure:3249: g++ -Wl,-s -O2 -w -DNDEBUG   conftest.cpp  >&5
configure:3253: $? = 0
configure:3301: result: yes
configure:3304: checking for C++ compiler default output file name
configure:3306: result: a.out
configure:3312: checking for suffix of executables
configure:3319: g++ -o conftest -Wl,-s -O2 -w -DNDEBUG   conftest.cpp  >&5
configure:3323: $? = 0
configure:3345: result: 
configure:3367: checking whether we are cross compiling
configure:3375: g++ -o conftest -Wl,-s -O2 -w -DNDEBUG   conftest.cpp  >&5
configure:3379: $? = 0
configure:3386: ./conftest
configure:3390: $? = 0
configure:3405: result: no
configure:3410: checking for suffix of object files
configure:3432: g++ -c -Wl,-s -O2 -w -DNDEBUG  conftest.cpp >&5
configure:3436: $? = 0
configure:3457: result: o
configure:3461: checking whether we are using the GNU C++ compiler
configure:3480: g++ -c -Wl,-s -O2 -w -DNDEBUG  conftest.cpp >&5
configure:3480: $? = 0
configure:3489: result: yes
configure:3498: checking whether g++ accepts -g
configure:3518: g++ -c -g  conftest.cpp >&5
configure:3518: $? = 0
configure:3559: result: yes
configure:3593: checking for style of include used by make
configure:3621: result: GNU
configure:3647: checking dependency style of g++
configure:3758: result: gcc3
configure:3774: checking whether make sets $(MAKE)
configure:3796: result: yes
configure:3834: checking build system type
configure:3848: result: x86_64-unknown-linux-gnu
configure:3868: checking host system type
configure:3881: result: x86_64-unknown-linux-gnu
configure:3922: checking how to print strings
configure:3949: result: printf
configure:4018: checking for gcc
configure:4034: found /usr/bin/gcc
configure:4045: result: gcc
configure:4274: checking for C compiler version
configure:4283: gcc --version >&5
gcc (Ubuntu 4.8.4-2ubuntu1~14.04) 4.8.4
Copyright (C) 2013 Free Software Foundation, Inc.
This is free software; see the source for copying conditions.  There is NO
warranty; not even for MERCHANTABILITY or FITNESS FOR A PARTICULAR PURPOSE.

configure:4294: $? = 0
configure:4283: gcc -v >&5
Using built-in specs.
COLLECT_GCC=gcc
COLLECT_LTO_WRAPPER=/usr/lib/gcc/x86_64-linux-gnu/4.8/lto-wrapper
Target: x86_64-linux-gnu
Configured with: ../src/configure -v --with-pkgversion='Ubuntu 4.8.4-2ubuntu1~14.04' --with-bugurl=file:///usr/share/doc/gcc-4.8/README.Bugs --enable-languages=c,c++,java,go,d,fortran,objc,obj-c++ --prefix=/usr --program-suffix=-4.8 --enable-shared --enable-linker-build-id --libexecdir=/usr/lib --without-included-gettext --enable-threads=posix --with-gxx-include-dir=/usr/include/c++/4.8 --libdir=/usr/lib --enable-nls --with-sysroot=/ --enable-clocale=gnu --enable-libstdcxx-debug --enable-libstdcxx-time=yes --enable-gnu-unique-object --disable-libmudflap --enable-plugin --with-system-zlib --disable-browser-plugin --enable-java-awt=gtk --enable-gtk-cairo --with-java-home=/usr/lib/jvm/java-1.5.0-gcj-4.8-amd64/jre --enable-java-home --with-jvm-root-dir=/usr/lib/jvm/java-1.5.0-gcj-4.8-amd64 --with-jvm-jar-dir=/usr/lib/jvm-exports/java-1.5.0-gcj-4.8-amd64 --with-arch-directory=amd64 --with-ecj-jar=/usr/share/java/eclipse-ecj.jar --enable-objc-gc --enable-multiarch --disable-werror --with-arch-32=i686 --with-abi=m64 --with-multilib-list=m32,m64,mx32 --with-tune=generic --enable-checking=release --build=x86_64-linux-gnu --host=x86_64-linux-gnu --target=x86_64-linux-gnu
Thread model: posix
gcc version 4.8.4 (Ubuntu 4.8.4-2ubuntu1~14.04) 
configure:4294: $? = 0
configure:4283: gcc -V >&5
gcc: error: unrecognized command line option '-V'
gcc: fatal error: no input files
compilation terminated.
configure:4294: $? = 4
configure:4283: gcc -qversion >&5
gcc: error: unrecognized command line option '-qversion'
gcc: fatal error: no input files
compilation terminated.
configure:4294: $? = 4
configure:4298: checking whether we are using the GNU C compiler
configure:4317: gcc -c -Wl,-s -O2 -w -DNDEBUG  conftest.c >&5
configure:4317: $? = 0
configure:4326: result: yes
configure:4335: checking whether gcc accepts -g
configure:4355: gcc -c -g  conftest.c >&5
configure:4355: $? = 0
configure:4396: result: yes
configure:4413: checking for gcc option to accept ISO C89
configure:4476: gcc  -c -Wl,-s -O2 -w -DNDEBUG  conftest.c >&5
configure:4476: $? = 0
configure:4489: result: none needed
configure:4514: checking whether gcc understands -c and -o together
configure:4536: gcc -c conftest.c -o conftest2.o
configure:4539: $? = 0
configure:4536: gcc -c conftest.c -o conftest2.o
configure:4539: $? = 0
configure:4551: result: yes
configure:4570: checking dependency style of gcc
configure:4681: result: gcc3
configure:4696: checking for a sed that does not truncate output
configure:4760: result: /bin/sed
configure:4778: checking for grep that handles long lines and -e
configure:4836: result: /bin/grep
configure:4841: checking for egrep
configure:4903: result: /bin/grep -E
configure:4908: checking for fgrep
configure:4970: result: /bin/grep -F
configure:5005: checking for ld used by gcc
configure:5072: result: /usr/bin/ld
configure:5079: checking if the linker (/usr/bin/ld) is GNU ld
configure:5094: result: yes
configure:5106: checking for BSD- or MS-compatible name lister (nm)
configure:5155: result: /usr/bin/nm -B
configure:5285: checking the name lister (/usr/bin/nm -B) interface
configure:5292: gcc -c -Wl,-s -O2 -w -DNDEBUG  conftest.c >&5
configure:5295: /usr/bin/nm -B "conftest.o"
configure:5298: output
0000000000000000 B some_variable
configure:5305: result: BSD nm
configure:5308: checking whether ln -s works
configure:5312: result: yes
configure:5320: checking the maximum length of command line arguments
configure:5451: result: 1572864
configure:5468: checking whether the shell understands some XSI constructs
configure:5478: result: yes
configure:5482: checking whether the shell understands "+="
configure:5488: result: yes
configure:5523: checking how to convert x86_64-unknown-linux-gnu file names to x86_64-unknown-linux-gnu format
configure:5563: result: func_convert_file_noop
configure:5570: checking how to convert x86_64-unknown-linux-gnu file names to toolchain format
configure:5590: result: func_convert_file_noop
configure:5597: checking for /usr/bin/ld option to reload object files
configure:5604: result: -r
configure:5678: checking for objdump
configure:5694: found /usr/bin/objdump
configure:5705: result: objdump
configure:5737: checking how to recognize dependent libraries
configure:5935: result: pass_all
configure:6020: checking for dlltool
configure:6050: result: no
configure:6080: checking how to associate runtime and link libraries
configure:6107: result: printf %s\n
configure:6168: checking for ar
configure:6184: found /usr/bin/ar
configure:6195: result: ar
configure:6232: checking for archiver @FILE support
configure:6249: gcc -c -Wl,-s -O2 -w -DNDEBUG  conftest.c >&5
configure:6249: $? = 0
configure:6252: ar cru libconftest.a @conftest.lst >&5
configure:6255: $? = 0
configure:6260: ar cru libconftest.a @conftest.lst >&5
ar: conftest.o: No such file or directory
configure:6263: $? = 1
configure:6275: result: @
configure:6333: checking for strip
configure:6349: found /usr/bin/strip
configure:6360: result: strip
configure:6432: checking for ranlib
configure:6448: found /usr/bin/ranlib
configure:6459: result: ranlib
configure:6561: checking command to parse /usr/bin/nm -B output from gcc object
configure:6681: gcc -c -Wl,-s -O2 -w -DNDEBUG  conftest.c >&5
configure:6684: $? = 0
configure:6688: /usr/bin/nm -B conftest.o \| sed -n -e 's/^.*[ ]\([ABCDGIRSTW][ABCDGIRSTW]*\)[ ][ ]*\([_A-Za-z][_A-Za-z0-9]*\)$/\1 \2 \2/p' | sed '/ __gnu_lto/d' \> conftest.nm
configure:6691: $? = 0
configure:6757: gcc -o conftest -Wl,-s -O2 -w -DNDEBUG   conftest.c conftstm.o >&5
configure:6760: $? = 0
configure:6798: result: ok
configure:6835: checking for sysroot
configure:6865: result: no
configure:6942: gcc -c -Wl,-s -O2 -w -DNDEBUG  conftest.c >&5
configure:6945: $? = 0
configure:7134: checking for mt
configure:7150: found /bin/mt
configure:7161: result: mt
configure:7184: checking if mt is a manifest tool
configure:7190: mt '-?'
configure:7198: result: no
configure:7840: checking how to run the C preprocessor
configure:7871: gcc -E  conftest.c
configure:7871: $? = 0
configure:7885: gcc -E  conftest.c
conftest.c:14:28: fatal error: ac_nonexistent.h: No such file or directory
 #include <ac_nonexistent.h>
                            ^
compilation terminated.
configure:7885: $? = 1
configure: failed program was:
| /* confdefs.h */
| #define PACKAGE_NAME "Pico Technology PicoScope 3000a Example"
| #define PACKAGE_TARNAME "PS3000Acon"
| #define PACKAGE_VERSION "1.1.0"
| #define PACKAGE_STRING "Pico Technology PicoScope 3000a Example 1.1.0"
| #define PACKAGE_BUGREPORT "support@picotech.com"
| #define PACKAGE_URL ""
| #define PACKAGE "PS3000Acon"
| #define VERSION "1.1.0"
| #define LIBTOOL_VERSION_MAJOR VERSION
| #define LIBTOOL_VERSION_MINOR N
| #define LIBTOOL_VERSION_POINT 
| /* end confdefs.h.  */
| #include <ac_nonexistent.h>
configure:7910: result: gcc -E
configure:7930: gcc -E  conftest.c
configure:7930: $? = 0
configure:7944: gcc -E  conftest.c
conftest.c:14:28: fatal error: ac_nonexistent.h: No such file or directory
 #include <ac_nonexistent.h>
                            ^
compilation terminated.
configure:7944: $? = 1
configure: failed program was:
| /* confdefs.h */
| #define PACKAGE_NAME "Pico Technology PicoScope 3000a Example"
| #define PACKAGE_TARNAME "PS3000Acon"
| #define PACKAGE_VERSION "1.1.0"
| #define PACKAGE_STRING "Pico Technology PicoScope 3000a Example 1.1.0"
| #define PACKAGE_BUGREPORT "support@picotech.com"
| #define PACKAGE_URL ""
| #define PACKAGE "PS3000Acon"
| #define VERSION "1.1.0"
| #define LIBTOOL_VERSION_MAJOR VERSION
| #define LIBTOOL_VERSION_MINOR N
| #define LIBTOOL_VERSION_POINT 
| /* end confdefs.h.  */
| #include <ac_nonexistent.h>
configure:7973: checking for ANSI C header files
configure:7993: gcc -c -Wl,-s -O2 -w -DNDEBUG  conftest.c >&5
configure:7993: $? = 0
configure:8066: gcc -o conftest -Wl,-s -O2 -w -DNDEBUG   conftest.c  >&5
configure:8066: $? = 0
configure:8066: ./conftest
configure:8066: $? = 0
configure:8077: result: yes
configure:8090: checking for sys/types.h
configure:8090: gcc -c -Wl,-s -O2 -w -DNDEBUG  conftest.c >&5
configure:8090: $? = 0
configure:8090: result: yes
configure:8090: checking for sys/stat.h
configure:8090: gcc -c -Wl,-s -O2 -w -DNDEBUG  conftest.c >&5
configure:8090: $? = 0
configure:8090: result: yes
configure:8090: checking for stdlib.h
configure:8090: gcc -c -Wl,-s -O2 -w -DNDEBUG  conftest.c >&5
configure:8090: $? = 0
configure:8090: result: yes
configure:8090: checking for string.h
configure:8090: gcc -c -Wl,-s -O2 -w -DNDEBUG  conftest.c >&5
configure:8090: $? = 0
configure:8090: result: yes
configure:8090: checking for memory.h
configure:8090: gcc -c -Wl,-s -O2 -w -DNDEBUG  conftest.c >&5
configure:8090: $? = 0
configure:8090: result: yes
configure:8090: checking for strings.h
configure:8090: gcc -c -Wl,-s -O2 -w -DNDEBUG  conftest.c >&5
configure:8090: $? = 0
configure:8090: result: yes
configure:8090: checking for inttypes.h
configure:8090: gcc -c -Wl,-s -O2 -w -DNDEBUG  conftest.c >&5
configure:8090: $? = 0
configure:8090: result: yes
configure:8090: checking for stdint.h
configure:8090: gcc -c -Wl,-s -O2 -w -DNDEBUG  conftest.c >&5
configure:8090: $? = 0
configure:8090: result: yes
configure:8090: checking for unistd.h
configure:8090: gcc -c -Wl,-s -O2 -w -DNDEBUG  conftest.c >&5
configure:8090: $? = 0
configure:8090: result: yes
configure:8104: checking for dlfcn.h
configure:8104: gcc -c -Wl,-s -O2 -w -DNDEBUG  conftest.c >&5
configure:8104: $? = 0
configure:8104: result: yes
configure:8291: checking for objdir
configure:8306: result: .libs
configure:8577: checking if gcc supports -fno-rtti -fno-exceptions
configure:8595: gcc -c -Wl,-s -O2 -w -DNDEBUG  -fno-rtti -fno-exceptions conftest.c >&5
configure:8599: $? = 0
configure:8612: result: yes
configure:8939: checking for gcc option to produce PIC
configure:8946: result: -fPIC -DPIC
configure:8954: checking if gcc PIC flag -fPIC -DPIC works
configure:8972: gcc -c -Wl,-s -O2 -w -DNDEBUG  -fPIC -DPIC -DPIC conftest.c >&5
configure:8976: $? = 0
configure:8989: result: yes
configure:9018: checking if gcc static flag -static works
configure:9046: result: yes
configure:9061: checking if gcc supports -c -o file.o
configure:9082: gcc -c -Wl,-s -O2 -w -DNDEBUG  -o out/conftest2.o conftest.c >&5
configure:9086: $? = 0
configure:9108: result: yes
configure:9116: checking if gcc supports -c -o file.o
configure:9163: result: yes
configure:9196: checking whether the gcc linker (/usr/bin/ld -m elf_x86_64) supports shared libraries
configure:10353: result: yes
configure:10390: checking whether -lc should be explicitly linked in
configure:10398: gcc -c -Wl,-s -O2 -w -DNDEBUG  conftest.c >&5
configure:10401: $? = 0
configure:10416: gcc -shared  -fPIC -DPIC conftest.o  -v -Wl,-soname -Wl,conftest -o conftest 2\>\&1 \| /bin/grep  -lc  \>/dev/null 2\>\&1
configure:10419: $? = 0
configure:10433: result: no
configure:10593: checking dynamic linker characteristics
configure:11093: gcc -o conftest -Wl,-s -O2 -w -DNDEBUG   -Wl,-rpath -Wl,/foo conftest.c  >&5
configure:11093: $? = 0
configure:11327: result: GNU/Linux ld.so
configure:11434: checking how to hardcode library paths into programs
configure:11459: result: immediate
configure:11999: checking whether stripping libraries is possible
configure:12004: result: yes
configure:12039: checking if libtool supports shared libraries
configure:12041: result: yes
configure:12044: checking whether to build shared libraries
configure:12065: result: yes
configure:12068: checking whether to build static libraries
configure:12072: result: no
configure:12095: checking how to run the C++ preprocessor
configure:12122: g++ -E  conftest.cpp
configure:12122: $? = 0
configure:12136: g++ -E  conftest.cpp
conftest.cpp:26:28: fatal error: ac_nonexistent.h: No such file or directory
 #include <ac_nonexistent.h>
                            ^
compilation terminated.
configure:12136: $? = 1
configure: failed program was:
| /* confdefs.h */
| #define PACKAGE_NAME "Pico Technology PicoScope 3000a Example"
| #define PACKAGE_TARNAME "PS3000Acon"
| #define PACKAGE_VERSION "1.1.0"
| #define PACKAGE_STRING "Pico Technology PicoScope 3000a Example 1.1.0"
| #define PACKAGE_BUGREPORT "support@picotech.com"
| #define PACKAGE_URL ""
| #define PACKAGE "PS3000Acon"
| #define VERSION "1.1.0"
| #define LIBTOOL_VERSION_MAJOR VERSION
| #define LIBTOOL_VERSION_MINOR N
| #define LIBTOOL_VERSION_POINT 
| #define STDC_HEADERS 1
| #define HAVE_SYS_TYPES_H 1
| #define HAVE_SYS_STAT_H 1
| #define HAVE_STDLIB_H 1
| #define HAVE_STRING_H 1
| #define HAVE_MEMORY_H 1
| #define HAVE_STRINGS_H 1
| #define HAVE_INTTYPES_H 1
| #define HAVE_STDINT_H 1
| #define HAVE_UNISTD_H 1
| #define HAVE_DLFCN_H 1
| #define LT_OBJDIR ".libs/"
| /* end confdefs.h.  */
| #include <ac_nonexistent.h>
configure:12161: result: g++ -E
configure:12181: g++ -E  conftest.cpp
configure:12181: $? = 0
configure:12195: g++ -E  conftest.cpp
conftest.cpp:26:28: fatal error: ac_nonexistent.h: No such file or directory
 #include <ac_nonexistent.h>
                            ^
compilation terminated.
configure:12195: $? = 1
configure: failed program was:
| /* confdefs.h */
| #define PACKAGE_NAME "Pico Technology PicoScope 3000a Example"
| #define PACKAGE_TARNAME "PS3000Acon"
| #define PACKAGE_VERSION "1.1.0"
| #define PACKAGE_STRING "Pico Technology PicoScope 3000a Example 1.1.0"
| #define PACKAGE_BUGREPORT "support@picotech.com"
| #define PACKAGE_URL ""
| #define PACKAGE "PS3000Acon"
| #define VERSION "1.1.0"
| #define LIBTOOL_VERSION_MAJOR VERSION
| #define LIBTOOL_VERSION_MINOR N
| #define LIBTOOL_VERSION_POINT 
| #define STDC_HEADERS 1
| #define HAVE_SYS_TYPES_H 1
| #define HAVE_SYS_STAT_H 1
| #define HAVE_STDLIB_H 1
| #define HAVE_STRING_H 1
| #define HAVE_MEMORY_H 1
| #define HAVE_STRINGS_H 1
| #define HAVE_INTTYPES_H 1
| #define HAVE_STDINT_H 1
| #define HAVE_UNISTD_H 1
| #define HAVE_DLFCN_H 1
| #define LT_OBJDIR ".libs/"
| /* end confdefs.h.  */
| #include <ac_nonexistent.h>
configure:12364: checking for ld used by g++
configure:12431: result: /usr/bin/ld -m elf_x86_64
configure:12438: checking if the linker (/usr/bin/ld -m elf_x86_64) is GNU ld
configure:12453: result: yes
configure:12508: checking whether the g++ linker (/usr/bin/ld -m elf_x86_64) supports shared libraries
configure:13510: result: yes
configure:13546: g++ -c -Wl,-s -O2 -w -DNDEBUG  conftest.cpp >&5
configure:13549: $? = 0
configure:14069: checking for g++ option to produce PIC
configure:14076: result: -fPIC -DPIC
configure:14084: checking if g++ PIC flag -fPIC -DPIC works
configure:14102: g++ -c -Wl,-s -O2 -w -DNDEBUG  -fPIC -DPIC -DPIC conftest.cpp >&5
configure:14106: $? = 0
configure:14119: result: yes
configure:14142: checking if g++ static flag -static works
configure:14170: result: yes
configure:14182: checking if g++ supports -c -o file.o
configure:14203: g++ -c -Wl,-s -O2 -w -DNDEBUG  -o out/conftest2.o conftest.cpp >&5
configure:14207: $? = 0
configure:14229: result: yes
configure:14234: checking if g++ supports -c -o file.o
configure:14281: result: yes
configure:14311: checking whether the g++ linker (/usr/bin/ld -m elf_x86_64) supports shared libraries
configure:14350: result: yes
configure:14491: checking dynamic linker characteristics
configure:15159: result: GNU/Linux ld.so
configure:15212: checking how to hardcode library paths into programs
configure:15237: result: immediate
configure:15299: checking operating system
configure:15307: result: Linux
configure:15358: checking whether make supports nested variables
configure:15375: result: yes
configure:15432: checking for pthread_atfork in -lpthread
configure:15457: gcc -o conftest -Wl,-s -O2 -w -DNDEBUG   conftest.c -lpthread   >&5
configure:15457: $? = 0
configure:15466: result: yes
configure:15494: checking for ps3000aOpenUnit in -lps3000a
configure:15519: gcc -o conftest -Wl,-s -O2 -w -DNDEBUG   -Wl,-u,pthread_atfork -L/opt/picoscope/lib conftest.c -lps3000a  -lpthread  >&5
configure:15519: $? = 0
configure:15528: result: yes
configure:15543: checking for ANSI C header files
configure:15647: result: yes
configure:15670: checking stdio.h usability
configure:15670: gcc -c -Wl,-s -O2 -w -DNDEBUG -I/opt/picoscope/include -Wl,-s -O2 -w -DNDEBUG -I/opt/picoscope/include conftest.c >&5
configure:15670: $? = 0
configure:15670: result: yes
configure:15670: checking stdio.h presence
configure:15670: gcc -E -Wl,-s -O2 -w -DNDEBUG -I/opt/picoscope/include conftest.c
configure:15670: $? = 0
configure:15670: result: yes
configure:15670: checking for stdio.h
configure:15670: result: yes
configure:15670: checking for sys/types.h
configure:15670: result: yes
configure:15670: checking for string.h
configure:15670: result: yes
configure:15670: checking termios.h usability
configure:15670: gcc -c -Wl,-s -O2 -w -DNDEBUG -I/opt/picoscope/include -Wl,-s -O2 -w -DNDEBUG -I/opt/picoscope/include conftest.c >&5
configure:15670: $? = 0
configure:15670: result: yes
configure:15670: checking termios.h presence
configure:15670: gcc -E -Wl,-s -O2 -w -DNDEBUG -I/opt/picoscope/include conftest.c
configure:15670: $? = 0
configure:15670: result: yes
configure:15670: checking for termios.h
configure:15670: result: yes
configure:15670: checking sys/ioctl.h usability
configure:15670: gcc -c -Wl,-s -O2 -w -DNDEBUG -I/opt/picoscope/include -Wl,-s -O2 -w -DNDEBUG -I/opt/picoscope/include conftest.c >&5
configure:15670: $? = 0
configure:15670: result: yes
configure:15670: checking sys/ioctl.h presence
configure:15670: gcc -E -Wl,-s -O2 -w -DNDEBUG -I/opt/picoscope/include conftest.c
configure:15670: $? = 0
configure:15670: result: yes
configure:15670: checking for sys/ioctl.h
configure:15670: result: yes
configure:15670: checking for sys/types.h
configure:15670: result: yes
configure:15670: checking for unistd.h
configure:15670: result: yes
configure:15670: checking for stdlib.h
configure:15670: result: yes
configure:15670: checking libps3000a-1.1/ps3000aApi.h usability
configure:15670: gcc -c -Wl,-s -O2 -w -DNDEBUG -I/opt/picoscope/include -Wl,-s -O2 -w -DNDEBUG -I/opt/picoscope/include conftest.c >&5
configure:15670: $? = 0
configure:15670: result: yes
configure:15670: checking libps3000a-1.1/ps3000aApi.h presence
configure:15670: gcc -E -Wl,-s -O2 -w -DNDEBUG -I/opt/picoscope/include conftest.c
configure:15670: $? = 0
configure:15670: result: yes
configure:15670: checking for libps3000a-1.1/ps3000aApi.h
configure:15670: result: yes
configure:15670: checking libps3000a-1.1/PicoStatus.h usability
configure:15670: gcc -c -Wl,-s -O2 -w -DNDEBUG -I/opt/picoscope/include -Wl,-s -O2 -w -DNDEBUG -I/opt/picoscope/include conftest.c >&5
configure:15670: $? = 0
configure:15670: result: yes
configure:15670: checking libps3000a-1.1/PicoStatus.h presence
configure:15670: gcc -E -Wl,-s -O2 -w -DNDEBUG -I/opt/picoscope/include conftest.c
configure:15670: $? = 0
configure:15670: result: yes
configure:15670: checking for libps3000a-1.1/PicoStatus.h
configure:15670: result: yes
configure:15692: checking for an ANSI C-conforming const
configure:15758: gcc -c -Wl,-s -O2 -w -DNDEBUG -I/opt/picoscope/include -Wl,-s -O2 -w -DNDEBUG -I/opt/picoscope/include conftest.c >&5
configure:15758: $? = 0
configure:15765: result: yes
configure:15773: checking for inline
configure:15789: gcc -c -Wl,-s -O2 -w -DNDEBUG -I/opt/picoscope/include -Wl,-s -O2 -w -DNDEBUG -I/opt/picoscope/include conftest.c >&5
configure:15789: $? = 0
configure:15797: result: inline
configure:15815: checking for working volatile
configure:15834: gcc -c -Wl,-s -O2 -w -DNDEBUG -I/opt/picoscope/include -Wl,-s -O2 -w -DNDEBUG -I/opt/picoscope/include conftest.c >&5
configure:15834: $? = 0
configure:15841: result: yes
configure:15849: checking for pid_t
configure:15849: gcc -c -Wl,-s -O2 -w -DNDEBUG -I/opt/picoscope/include -Wl,-s -O2 -w -DNDEBUG -I/opt/picoscope/include conftest.c >&5
configure:15849: $? = 0
configure:15849: gcc -c -Wl,-s -O2 -w -DNDEBUG -I/opt/picoscope/include -Wl,-s -O2 -w -DNDEBUG -I/opt/picoscope/include conftest.c >&5
conftest.c: In function 'main':
conftest.c:76:20: error: expected expression before ')' token
 if (sizeof ((pid_t)))
                    ^
configure:15849: $? = 1
configure: failed program was:
| /* confdefs.h */
| #define PACKAGE_NAME "Pico Technology PicoScope 3000a Example"
| #define PACKAGE_TARNAME "PS3000Acon"
| #define PACKAGE_VERSION "1.1.0"
| #define PACKAGE_STRING "Pico Technology PicoScope 3000a Example 1.1.0"
| #define PACKAGE_BUGREPORT "support@picotech.com"
| #define PACKAGE_URL ""
| #define PACKAGE "PS3000Acon"
| #define VERSION "1.1.0"
| #define LIBTOOL_VERSION_MAJOR VERSION
| #define LIBTOOL_VERSION_MINOR N
| #define LIBTOOL_VERSION_POINT 
| #define STDC_HEADERS 1
| #define HAVE_SYS_TYPES_H 1
| #define HAVE_SYS_STAT_H 1
| #define HAVE_STDLIB_H 1
| #define HAVE_STRING_H 1
| #define HAVE_MEMORY_H 1
| #define HAVE_STRINGS_H 1
| #define HAVE_INTTYPES_H 1
| #define HAVE_STDINT_H 1
| #define HAVE_UNISTD_H 1
| #define HAVE_DLFCN_H 1
| #define LT_OBJDIR ".libs/"
| #define OS_LINUX /**/
| #define HAVE_LIBPTHREAD 1
| #define HAVE_LIBPS3000A 1
| #define STDC_HEADERS 1
| #define HAVE_STDIO_H 1
| #define HAVE_SYS_TYPES_H 1
| #define HAVE_STRING_H 1
| #define HAVE_TERMIOS_H 1
| #define HAVE_SYS_IOCTL_H 1
| #define HAVE_SYS_TYPES_H 1
| #define HAVE_UNISTD_H 1
| #define HAVE_STDLIB_H 1
| #define HAVE_LIBPS3000A_1_1_PS3000AAPI_H 1
| #define HAVE_LIBPS3000A_1_1_PICOSTATUS_H 1
| /* end confdefs.h.  */
| #include <stdio.h>
| #ifdef HAVE_SYS_TYPES_H
| # include <sys/types.h>
| #endif
| #ifdef HAVE_SYS_STAT_H
| # include <sys/stat.h>
| #endif
| #ifdef STDC_HEADERS
| # include <stdlib.h>
| # include <stddef.h>
| #else
| # ifdef HAVE_STDLIB_H
| #  include <stdlib.h>
| # endif
| #endif
| #ifdef HAVE_STRING_H
| # if !defined STDC_HEADERS && defined HAVE_MEMORY_H
| #  include <memory.h>
| # endif
| # include <string.h>
| #endif
| #ifdef HAVE_STRINGS_H
| # include <strings.h>
| #endif
| #ifdef HAVE_INTTYPES_H
| # include <inttypes.h>
| #endif
| #ifdef HAVE_STDINT_H
| # include <stdint.h>
| #endif
| #ifdef HAVE_UNISTD_H
| # include <unistd.h>
| #endif
| int
| main ()
| {
| if (sizeof ((pid_t)))
| 	    return 0;
|   ;
|   return 0;
| }
configure:15849: result: yes
configure:15860: checking for size_t
configure:15860: gcc -c -Wl,-s -O2 -w -DNDEBUG -I/opt/picoscope/include -Wl,-s -O2 -w -DNDEBUG -I/opt/picoscope/include conftest.c >&5
configure:15860: $? = 0
configure:15860: gcc -c -Wl,-s -O2 -w -DNDEBUG -I/opt/picoscope/include -Wl,-s -O2 -w -DNDEBUG -I/opt/picoscope/include conftest.c >&5
conftest.c: In function 'main':
conftest.c:76:21: error: expected expression before ')' token
 if (sizeof ((size_t)))
                     ^
configure:15860: $? = 1
configure: failed program was:
| /* confdefs.h */
| #define PACKAGE_NAME "Pico Technology PicoScope 3000a Example"
| #define PACKAGE_TARNAME "PS3000Acon"
| #define PACKAGE_VERSION "1.1.0"
| #define PACKAGE_STRING "Pico Technology PicoScope 3000a Example 1.1.0"
| #define PACKAGE_BUGREPORT "support@picotech.com"
| #define PACKAGE_URL ""
| #define PACKAGE "PS3000Acon"
| #define VERSION "1.1.0"
| #define LIBTOOL_VERSION_MAJOR VERSION
| #define LIBTOOL_VERSION_MINOR N
| #define LIBTOOL_VERSION_POINT 
| #define STDC_HEADERS 1
| #define HAVE_SYS_TYPES_H 1
| #define HAVE_SYS_STAT_H 1
| #define HAVE_STDLIB_H 1
| #define HAVE_STRING_H 1
| #define HAVE_MEMORY_H 1
| #define HAVE_STRINGS_H 1
| #define HAVE_INTTYPES_H 1
| #define HAVE_STDINT_H 1
| #define HAVE_UNISTD_H 1
| #define HAVE_DLFCN_H 1
| #define LT_OBJDIR ".libs/"
| #define OS_LINUX /**/
| #define HAVE_LIBPTHREAD 1
| #define HAVE_LIBPS3000A 1
| #define STDC_HEADERS 1
| #define HAVE_STDIO_H 1
| #define HAVE_SYS_TYPES_H 1
| #define HAVE_STRING_H 1
| #define HAVE_TERMIOS_H 1
| #define HAVE_SYS_IOCTL_H 1
| #define HAVE_SYS_TYPES_H 1
| #define HAVE_UNISTD_H 1
| #define HAVE_STDLIB_H 1
| #define HAVE_LIBPS3000A_1_1_PS3000AAPI_H 1
| #define HAVE_LIBPS3000A_1_1_PICOSTATUS_H 1
| /* end confdefs.h.  */
| #include <stdio.h>
| #ifdef HAVE_SYS_TYPES_H
| # include <sys/types.h>
| #endif
| #ifdef HAVE_SYS_STAT_H
| # include <sys/stat.h>
| #endif
| #ifdef STDC_HEADERS
| # include <stdlib.h>
| # include <stddef.h>
| #else
| # ifdef HAVE_STDLIB_H
| #  include <stdlib.h>
| # endif
| #endif
| #ifdef HAVE_STRING_H
| # if !defined STDC_HEADERS && defined HAVE_MEMORY_H
| #  include <memory.h>
| # endif
| # include <string.h>
| #endif
| #ifdef HAVE_STRINGS_H
| # include <strings.h>
| #endif
| #ifdef HAVE_INTTYPES_H
| # include <inttypes.h>
| #endif
| #ifdef HAVE_STDINT_H
| # include <stdint.h>
| #endif
| #ifdef HAVE_UNISTD_H
| # include <unistd.h>
| #endif
| int
| main ()
| {
| if (sizeof ((size_t)))
| 	    return 0;
|   ;
|   return 0;
| }
configure:15860: result: yes
configure:15984: checking that generated files are newer than configure
configure:15990: result: done
configure:16017: creating ./config.status

## ---------------------- ##
## Running config.status. ##
## ---------------------- ##

This file was extended by Pico Technology PicoScope 3000a Example config.status 1.1.0, which was
generated by GNU Autoconf 2.69.  Invocation command line was

  CONFIG_FILES    = 
  CONFIG_HEADERS  = 
  CONFIG_LINKS    = 
  CONFIG_COMMANDS = 
  $ ./config.status 

on mojito

config.status:1163: creating Makefile
config.status:1163: creating config.h
config.status:1392: executing depfiles commands
config.status:1392: executing libtool commands

## ---------------- ##
## Cache variables. ##
## ---------------- ##

ac_cv_build=x86_64-unknown-linux-gnu
ac_cv_c_compiler_gnu=yes
ac_cv_c_const=yes
ac_cv_c_inline=inline
ac_cv_c_volatile=yes
ac_cv_cxx_compiler_gnu=yes
ac_cv_env_CCC_set=
ac_cv_env_CCC_value=
ac_cv_env_CC_set=
ac_cv_env_CC_value=
ac_cv_env_CFLAGS_set=set
ac_cv_env_CFLAGS_value='-Wl,-s -O2 -w -DNDEBUG'
ac_cv_env_CPPFLAGS_set=
ac_cv_env_CPPFLAGS_value=
ac_cv_env_CPP_set=
ac_cv_env_CPP_value=
ac_cv_env_CXXCPP_set=
ac_cv_env_CXXCPP_value=
ac_cv_env_CXXFLAGS_set=set
ac_cv_env_CXXFLAGS_value='-Wl,-s -O2 -w -DNDEBUG'
ac_cv_env_CXX_set=
ac_cv_env_CXX_value=
ac_cv_env_LDFLAGS_set=
ac_cv_env_LDFLAGS_value=
ac_cv_env_LIBS_set=
ac_cv_env_LIBS_value=
ac_cv_env_build_alias_set=
ac_cv_env_build_alias_value=
ac_cv_env_host_alias_set=
ac_cv_env_host_alias_value=
ac_cv_env_target_alias_set=
ac_cv_env_target_alias_value=
ac_cv_header_dlfcn_h=yes
ac_cv_header_inttypes_h=yes
ac_cv_header_libps3000a_1_1_PicoStatus_h=yes
ac_cv_header_libps3000a_1_1_ps3000aApi_h=yes
ac_cv_header_memory_h=yes
ac_cv_header_stdc=yes
ac_cv_header_stdint_h=yes
ac_cv_header_stdio_h=yes
ac_cv_header_stdlib_h=yes
ac_cv_header_string_h=yes
ac_cv_header_strings_h=yes
ac_cv_header_sys_ioctl_h=yes
ac_cv_header_sys_stat_h=yes
ac_cv_header_sys_types_h=yes
ac_cv_header_termios_h=yes
ac_cv_header_unistd_h=yes
ac_cv_host=x86_64-unknown-linux-gnu
ac_cv_lib_ps3000a_ps3000aOpenUnit=yes
ac_cv_lib_pthread_pthread_atfork=yes
ac_cv_objext=o
ac_cv_path_EGREP='/bin/grep -E'
ac_cv_path_FGREP='/bin/grep -F'
ac_cv_path_GREP=/bin/grep
ac_cv_path_SED=/bin/sed
ac_cv_path_install='/usr/bin/install -c'
ac_cv_path_mkdir=/bin/mkdir
ac_cv_prog_AWK=gawk
ac_cv_prog_CPP='gcc -E'
ac_cv_prog_CXXCPP='g++ -E'
ac_cv_prog_ac_ct_AR=ar
ac_cv_prog_ac_ct_CC=gcc
ac_cv_prog_ac_ct_CXX=g++
ac_cv_prog_ac_ct_MANIFEST_TOOL=mt
ac_cv_prog_ac_ct_OBJDUMP=objdump
ac_cv_prog_ac_ct_RANLIB=ranlib
ac_cv_prog_ac_ct_STRIP=strip
ac_cv_prog_cc_c89=
ac_cv_prog_cc_g=yes
ac_cv_prog_cxx_g=yes
ac_cv_prog_make_make_set=yes
ac_cv_type_pid_t=yes
ac_cv_type_size_t=yes
am_cv_CC_dependencies_compiler_type=gcc3
am_cv_CXX_dependencies_compiler_type=gcc3
am_cv_make_support_nested_variables=yes
am_cv_prog_cc_c_o=yes
lt_cv_ar_at_file=@
lt_cv_archive_cmds_need_lc=no
lt_cv_deplibs_check_method=pass_all
lt_cv_file_magic_cmd='$MAGIC_CMD'
lt_cv_file_magic_test_file=
lt_cv_ld_reload_flag=-r
lt_cv_nm_interface='BSD nm'
lt_cv_objdir=.libs
lt_cv_path_LD=/usr/bin/ld
lt_cv_path_LDCXX='/usr/bin/ld -m elf_x86_64'
lt_cv_path_NM='/usr/bin/nm -B'
lt_cv_path_mainfest_tool=no
lt_cv_prog_compiler_c_o=yes
lt_cv_prog_compiler_c_o_CXX=yes
lt_cv_prog_compiler_pic='-fPIC -DPIC'
lt_cv_prog_compiler_pic_CXX='-fPIC -DPIC'
lt_cv_prog_compiler_pic_works=yes
lt_cv_prog_compiler_pic_works_CXX=yes
lt_cv_prog_compiler_rtti_exceptions=yes
lt_cv_prog_compiler_static_works=yes
lt_cv_prog_compiler_static_works_CXX=yes
lt_cv_prog_gnu_ld=yes
lt_cv_prog_gnu_ldcxx=yes
lt_cv_sharedlib_from_linklib_cmd='printf %s\n'
lt_cv_shlibpath_overrides_runpath=no
lt_cv_sys_global_symbol_pipe='sed -n -e '\''s/^.*[	 ]\([ABCDGIRSTW][ABCDGIRSTW]*\)[	 ][	 ]*\([_A-Za-z][_A-Za-z0-9]*\)$/\1 \2 \2/p'\'' | sed '\''/ __gnu_lto/d'\'''
lt_cv_sys_global_symbol_to_c_name_address='sed -n -e '\''s/^: \([^ ]*\)[ ]*$/  {\"\1\", (void *) 0},/p'\'' -e '\''s/^[ABCDGIRSTW]* \([^ ]*\) \([^ ]*\)$/  {"\2", (void *) \&\2},/p'\'''
lt_cv_sys_global_symbol_to_c_name_address_lib_prefix='sed -n -e '\''s/^: \([^ ]*\)[ ]*$/  {\"\1\", (void *) 0},/p'\'' -e '\''s/^[ABCDGIRSTW]* \([^ ]*\) \(lib[^ ]*\)$/  {"\2", (void *) \&\2},/p'\'' -e '\''s/^[ABCDGIRSTW]* \([^ ]*\) \([^ ]*\)$/  {"lib\2", (void *) \&\2},/p'\'''
lt_cv_sys_global_symbol_to_cdecl='sed -n -e '\''s/^T .* \(.*\)$/extern int \1();/p'\'' -e '\''s/^[ABCDGIRSTW]* .* \(.*\)$/extern char \1;/p'\'''
lt_cv_sys_max_cmd_len=1572864
lt_cv_to_host_file_cmd=func_convert_file_noop
lt_cv_to_tool_file_cmd=func_convert_file_noop

## ----------------- ##
## Output variables. ##
## ----------------- ##

ACLOCAL='${SHELL} /home/schmonit/Documents/Doppler/cpp/missing aclocal-1.14'
AMDEPBACKSLASH='\'
AMDEP_FALSE='#'
AMDEP_TRUE=''
AMTAR='$${TAR-tar}'
AM_BACKSLASH='\'
AM_DEFAULT_V='$(AM_DEFAULT_VERBOSITY)'
AM_DEFAULT_VERBOSITY='0'
AM_V='$(V)'
AR='ar'
AUTOCONF='${SHELL} /home/schmonit/Documents/Doppler/cpp/missing autoconf'
AUTOHEADER='${SHELL} /home/schmonit/Documents/Doppler/cpp/missing autoheader'
AUTOMAKE='automake --foreign --add-missing'
AWK='gawk'
CC='gcc'
CCDEPMODE='depmode=gcc3'
CFLAGS='-Wl,-s -O2 -w -DNDEBUG -I/opt/picoscope/include'
CPP='gcc -E'
CPPFLAGS='-Wl,-s -O2 -w -DNDEBUG -I/opt/picoscope/include'
CXX='g++'
CXXCPP='g++ -E'
CXXDEPMODE='depmode=gcc3'
CXXFLAGS='-Wl,-s -O2 -w -DNDEBUG'
CYGPATH_W='echo'
DEFS='-DHAVE_CONFIG_H'
DEPDIR='.deps'
DLLTOOL='false'
DSYMUTIL=''
DUMPBIN=''
ECHO_C=''
ECHO_N='-n'
ECHO_T=''
EGREP='/bin/grep -E'
EXEEXT=''
FGREP='/bin/grep -F'
GREP='/bin/grep'
INSTALL_DATA='${INSTALL} -m 644'
INSTALL_PROGRAM='${INSTALL}'
INSTALL_SCRIPT='${INSTALL}'
INSTALL_STRIP_PROGRAM='$(install_sh) -c -s'
LD='/usr/bin/ld -m elf_x86_64'
LDFLAGS=' -Wl,-u,pthread_atfork -L/opt/picoscope/lib'
LIBOBJS=''
LIBS='-lps3000a -lpthread '
LIBTOOL='$(SHELL) $(top_builddir)/libtool'
LIPO=''
LN_S='ln -s'
LTLIBOBJS=''
MAKEINFO='${SHELL} /home/schmonit/Documents/Doppler/cpp/missing makeinfo'
MANIFEST_TOOL=':'
MKDIR_P='/bin/mkdir -p'
NM='/usr/bin/nm -B'
NMEDIT=''
OBJDUMP='objdump'
OBJEXT='o'
OS_DARWIN=''
OS_LINUX=''
OTOOL64=''
OTOOL=''
PACKAGE='PS3000Acon'
PACKAGE_BUGREPORT='support@picotech.com'
PACKAGE_NAME='Pico Technology PicoScope 3000a Example'
PACKAGE_STRING='Pico Technology PicoScope 3000a Example 1.1.0'
PACKAGE_TARNAME='PS3000Acon'
PACKAGE_URL=''
PACKAGE_VERSION='1.1.0'
PATH_SEPARATOR=':'
RANLIB='ranlib'
SED='/bin/sed'
SET_MAKE=''
SHELL='/bin/bash'
STRIP='strip'
VERSION='1.1.0'
__APPLE__=''
ac_ct_AR='ar'
ac_ct_CC='gcc'
ac_ct_CXX='g++'
ac_ct_DUMPBIN=''
am__EXEEXT_FALSE=''
am__EXEEXT_TRUE='#'
am__fastdepCC_FALSE='#'
am__fastdepCC_TRUE=''
am__fastdepCXX_FALSE='#'
am__fastdepCXX_TRUE=''
am__include='include'
am__isrc=''
am__leading_dot='.'
am__nodep='_no'
am__quote=''
am__tar='$${TAR-tar} chof - "$$tardir"'
am__untar='$${TAR-tar} xf -'
bindir='${exec_prefix}/bin'
build='x86_64-unknown-linux-gnu'
build_alias=''
build_cpu='x86_64'
build_os='linux-gnu'
build_vendor='unknown'
datadir='${datarootdir}'
datarootdir='${prefix}/share'
docdir='${datarootdir}/doc/${PACKAGE_TARNAME}'
dvidir='${docdir}'
exec_prefix='${prefix}'
host='x86_64-unknown-linux-gnu'
host_alias=''
host_cpu='x86_64'
host_os='linux-gnu'
host_vendor='unknown'
htmldir='${docdir}'
includedir='${prefix}/include'
infodir='${datarootdir}/info'
install_sh='${SHELL} /home/schmonit/Documents/Doppler/cpp/install-sh'
libdir='${exec_prefix}/lib'
libexecdir='${exec_prefix}/libexec'
localedir='${datarootdir}/locale'
localstatedir='${prefix}/var'
mandir='${datarootdir}/man'
mkdir_p='$(MKDIR_P)'
oldincludedir='/usr/include'
pdfdir='${docdir}'
prefix='/opt/picoscope'
program_transform_name='s,x,x,'
psdir='${docdir}'
sbindir='${exec_prefix}/sbin'
sharedstatedir='${prefix}/com'
sysconfdir='${prefix}/etc'
target_alias=''

## ----------- ##
## confdefs.h. ##
## ----------- ##

/* confdefs.h */
#define PACKAGE_NAME "Pico Technology PicoScope 3000a Example"
#define PACKAGE_TARNAME "PS3000Acon"
#define PACKAGE_VERSION "1.1.0"
#define PACKAGE_STRING "Pico Technology PicoScope 3000a Example 1.1.0"
#define PACKAGE_BUGREPORT "support@picotech.com"
#define PACKAGE_URL ""
#define PACKAGE "PS3000Acon"
#define VERSION "1.1.0"
#define LIBTOOL_VERSION_MAJOR VERSION
#define LIBTOOL_VERSION_MINOR N
#define LIBTOOL_VERSION_POINT 
#define STDC_HEADERS 1
#define HAVE_SYS_TYPES_H 1
#define HAVE_SYS_STAT_H 1
#define HAVE_STDLIB_H 1
#define HAVE_STRING_H 1
#define HAVE_MEMORY_H 1
#define HAVE_STRINGS_H 1
#define HAVE_INTTYPES_H 1
#define HAVE_STDINT_H 1
#define HAVE_UNISTD_H 1
#define HAVE_DLFCN_H 1
#define LT_OBJDIR ".libs/"
#define OS_LINUX /**/
#define HAVE_LIBPTHREAD 1
#define HAVE_LIBPS3000A 1
#define STDC_HEADERS 1
#define HAVE_STDIO_H 1
#define HAVE_SYS_TYPES_H 1
#define HAVE_STRING_H 1
#define HAVE_TERMIOS_H 1
#define HAVE_SYS_IOCTL_H 1
#define HAVE_SYS_TYPES_H 1
#define HAVE_UNISTD_H 1
#define HAVE_STDLIB_H 1
#define HAVE_LIBPS3000A_1_1_PS3000AAPI_H 1
#define HAVE_LIBPS3000A_1_1_PICOSTATUS_H 1

configure: exit 0
